<?xml version="1.0" encoding="UTF-8"?>
<!-- Generated by org.testng.reporters.JUnitXMLReporter -->
<testsuite hostname="anjan-PC" ignored="0" name="TestNG Test Group" tests="3" failures="0" timestamp="21 Aug 2017 09:44:58 GMT" time="86.311" errors="0">
  <testcase name="runSanity" time="40.909" classname="testscripts.testcase.TC_01"/>
  <testcase name="runSanity" time="41.954" classname="testscripts.testcase.TC_02"/>
  <testcase name="runSanity" time="31.551" classname="testscripts.testcase.TC_03"/>
</testsuite> <!-- TestNG Test Group -->
