<?xml version="1.0" encoding="UTF-8"?>
<!-- Generated by org.testng.reporters.JUnitXMLReporter -->
<testsuite hostname="anjan-PC" ignored="0" name="TestNG Test Group" tests="3" failures="0" timestamp="21 Aug 2017 08:12:48 GMT" time="59.944" errors="0">
  <testcase name="executeTest" time="4.849" classname="testscripts.testcase.TC_01"/>
  <testcase name="executeTest" time="4.734" classname="testscripts.testcase.TC_02"/>
  <testcase name="runSanity" time="36.415" classname="testscripts.testcase.TC_03"/>
</testsuite> <!-- TestNG Test Group -->
