<?xml version="1.0" encoding="UTF-8"?>
<testng-results skipped="0" failed="0" total="2" passed="2">
  <reporter-output>
  </reporter-output>
  <suite name="Parallel test suite" duration-ms="18335" started-at="2017-08-07T18:46:23Z" finished-at="2017-08-07T18:46:41Z">
    <groups>
    </groups>
    <test name="TestNG Test Group" duration-ms="18335" started-at="2017-08-07T18:46:23Z" finished-at="2017-08-07T18:46:41Z">
      <class name="testscripts.testcase.TC_01">
        <test-method status="PASS" signature="setUp()[pri:0, instance:testscripts.testcase.TC_01@12bc6874]" name="setUp" is-config="true" duration-ms="3358" started-at="2017-08-08T00:16:23Z" finished-at="2017-08-08T00:16:26Z">
          <reporter-output>
          </reporter-output>
        </test-method> <!-- setUp -->
        <test-method status="PASS" signature="setUp()[pri:0, instance:testscripts.testcase.TC_02@50675690]" name="setUp" is-config="true" duration-ms="2926" started-at="2017-08-08T00:16:26Z" finished-at="2017-08-08T00:16:29Z">
          <reporter-output>
          </reporter-output>
        </test-method> <!-- setUp -->
        <test-method status="PASS" signature="executeTest(java.lang.String, java.lang.String, java.lang.String, java.lang.String)[pri:0, instance:testscripts.testcase.TC_01@12bc6874]" name="executeTest" duration-ms="5823" started-at="2017-08-08T00:16:30Z" data-provider="test" finished-at="2017-08-08T00:16:36Z">
          <params>
            <param index="0">
              <value>
                <![CDATA[E255SK]]>
              </value>
            </param>
            <param index="1">
              <value>
                <![CDATA[Enterprise1!]]>
              </value>
            </param>
            <param index="2">
              <value>
                <![CDATA[https://www.google.com]]>
              </value>
            </param>
            <param index="3">
              <value>
                <![CDATA[chrome]]>
              </value>
            </param>
          </params>
          <reporter-output>
          </reporter-output>
        </test-method> <!-- executeTest -->
        <test-method status="PASS" signature="tearDown()[pri:0, instance:testscripts.testcase.TC_01@12bc6874]" name="tearDown" is-config="true" duration-ms="18" started-at="2017-08-08T00:16:41Z" finished-at="2017-08-08T00:16:41Z">
          <reporter-output>
          </reporter-output>
        </test-method> <!-- tearDown -->
        <test-method status="PASS" signature="tearDown()[pri:0, instance:testscripts.testcase.TC_02@50675690]" name="tearDown" is-config="true" duration-ms="13" started-at="2017-08-08T00:16:41Z" finished-at="2017-08-08T00:16:41Z">
          <reporter-output>
          </reporter-output>
        </test-method> <!-- tearDown -->
      </class> <!-- testscripts.testcase.TC_01 -->
      <class name="testscripts.testcase.TC_02">
        <test-method status="PASS" signature="executeTest(java.lang.String, java.lang.String, java.lang.String, java.lang.String)[pri:0, instance:testscripts.testcase.TC_02@50675690]" name="executeTest" duration-ms="5505" started-at="2017-08-08T00:16:36Z" data-provider="test1" finished-at="2017-08-08T00:16:41Z">
          <params>
            <param index="0">
              <value>
                <![CDATA[E255SK]]>
              </value>
            </param>
            <param index="1">
              <value>
                <![CDATA[Enterprise1!]]>
              </value>
            </param>
            <param index="2">
              <value>
                <![CDATA[https://www.google.com]]>
              </value>
            </param>
            <param index="3">
              <value>
                <![CDATA[chrome]]>
              </value>
            </param>
          </params>
          <reporter-output>
          </reporter-output>
        </test-method> <!-- executeTest -->
      </class> <!-- testscripts.testcase.TC_02 -->
    </test> <!-- TestNG Test Group -->
  </suite> <!-- Parallel test suite -->
</testng-results>
