<?xml version="1.0" encoding="UTF-8"?>
<testng-results skipped="0" failed="0" ignored="0" total="1" passed="1">
  <reporter-output>
  </reporter-output>
  <suite name="Default suite" duration-ms="7666" started-at="2017-08-06T19:51:06Z" finished-at="2017-08-06T19:51:14Z">
    <groups>
    </groups>
    <test name="Default test" duration-ms="7666" started-at="2017-08-06T19:51:06Z" finished-at="2017-08-06T19:51:14Z">
      <class name="testscripts.testcase.TC_01">
        <test-method status="PASS" signature="setUp()[pri:0, instance:testscripts.testcase.TC_01@4f933fd1]" name="setUp" is-config="true" duration-ms="4075" started-at="2017-08-07T01:21:02Z" finished-at="2017-08-07T01:21:06Z">
          <reporter-output>
          </reporter-output>
        </test-method> <!-- setUp -->
        <test-method status="PASS" signature="executeTest(java.lang.String, java.lang.String, java.lang.String, java.lang.String)[pri:0, instance:testscripts.testcase.TC_01@4f933fd1]" name="executeTest" duration-ms="6893" started-at="2017-08-07T01:21:07Z" data-provider="test" finished-at="2017-08-07T01:21:14Z">
          <params>
            <param index="0">
              <value>
                <![CDATA[E255SK]]>
              </value>
            </param>
            <param index="1">
              <value>
                <![CDATA[Enterprise1!]]>
              </value>
            </param>
            <param index="2">
              <value>
                <![CDATA[https://www.google.com]]>
              </value>
            </param>
            <param index="3">
              <value>
                <![CDATA[chrome]]>
              </value>
            </param>
          </params>
          <reporter-output>
          </reporter-output>
        </test-method> <!-- executeTest -->
        <test-method status="PASS" signature="tearDown()[pri:0, instance:testscripts.testcase.TC_01@4f933fd1]" name="tearDown" is-config="true" duration-ms="20" started-at="2017-08-07T01:21:14Z" finished-at="2017-08-07T01:21:14Z">
          <reporter-output>
          </reporter-output>
        </test-method> <!-- tearDown -->
      </class> <!-- testscripts.testcase.TC_01 -->
    </test> <!-- Default test -->
  </suite> <!-- Default suite -->
</testng-results>
